<?xml version="1.0" encoding="UTF-8"?>
<testng-results ignored="0" total="0" passed="0" failed="0" skipped="0">
  <reporter-output>
  </reporter-output>
  <suite started-at="2023-12-28T20:37:26 PST" name="Surefire suite" finished-at="2023-12-28T20:38:46 PST" duration-ms="79832">
    <groups>
    </groups>
    <test started-at="2023-12-28T20:37:26 PST" name="Surefire test" finished-at="2023-12-28T20:38:46 PST" duration-ms="79832">
    </test> <!-- Surefire test -->
  </suite> <!-- Surefire suite -->
</testng-results>
